[ 2016-03-08T01:33:45+08:00 ] ::1 /yu/index.php/home/user/home/user/login
ERR: 非法操作:home

[ 2016-03-08T01:34:16+08:00 ] ::1 /yu/index.php/home/user/home/user/login
ERR: 非法操作:home

[ 2016-03-08T01:34:30+08:00 ] ::1 /yu/index.php/home/user/user/login
ERR: 非法操作:user

[ 2016-03-08T01:36:24+08:00 ] ::1 /yu/index.php/home/user/user/login
ERR: 非法操作:user

[ 2016-03-08T01:36:52+08:00 ] ::1 /yu/index.php/home/user/login_handle.html
ERR: Think\Controller:sucess方法不存在！

[ 2016-03-08T01:45:19+08:00 ] ::1 /yu/index.php/Home/Home/Logout
ERR: 无法加载控制器:Home

[ 2016-03-08T01:45:39+08:00 ] ::1 /yu/index.php/Home/Home/Logout
ERR: 无法加载控制器:Home

[ 2016-03-08T01:45:43+08:00 ] ::1 /yu/index.php/Home/Home/Logout
ERR: 无法加载控制器:Home

[ 2016-03-08T07:11:23+08:00 ] ::1 /yu/index.php/home/user/Home/Index/index
ERR: 非法操作:Home

[ 2016-03-08T07:11:26+08:00 ] ::1 /yu/index.php/home/user/Home/Index/index
ERR: 非法操作:Home

[ 2016-03-08T07:13:59+08:00 ] ::1 /yu/index.php/home/user/Home/Index/index
ERR: 非法操作:Home

[ 2016-03-08T07:14:01+08:00 ] ::1 /yu/index.php/home/user/Home/Index/index
ERR: 非法操作:Home

[ 2016-03-08T07:14:03+08:00 ] ::1 /yu/index.php/home/user/Home/Index/index
ERR: 非法操作:Home

[ 2016-03-08T07:14:06+08:00 ] ::1 /yu/index.php/home/user/Home/Index/index
ERR: 非法操作:Home

[ 2016-03-08T07:14:08+08:00 ] ::1 /yu/index.php/home/user/Home/Index/index
ERR: 非法操作:Home

[ 2016-03-08T07:14:10+08:00 ] ::1 /yu/index.php/home/user/Home/Index/index
ERR: 非法操作:Home

[ 2016-03-08T07:14:12+08:00 ] ::1 /yu/index.php/home/user/Home/Index/index
ERR: 非法操作:Home

[ 2016-03-08T07:14:14+08:00 ] ::1 /yu/index.php/home/user/Home/Index/index
ERR: 非法操作:Home

[ 2016-03-08T07:14:16+08:00 ] ::1 /yu/index.php/home/user/Home/Index/index
ERR: 非法操作:Home

[ 2016-03-08T07:14:57+08:00 ] ::1 /yu/index.php/home/user/Home/Index/index
ERR: 非法操作:Home

[ 2016-03-08T07:15:57+08:00 ] ::1 /yu/index.php/home/user/Home/Index/index
ERR: 非法操作:Home

[ 2016-03-08T07:17:28+08:00 ] ::1 /yu/index.php/home/user/Home/Index/index
ERR: 非法操作:Home

[ 2016-03-08T22:32:15+08:00 ] ::1 /yu/index.php/Home/User/yzm.php?r=0.9588671711052179
ERR: 非法操作:yzm.php

