[ 2016-02-03T01:37:39+08:00 ] ::1 /tp002/index.php/assets/js/vendor/jquery.min.js
INFO: [ app_init ] --START--
INFO: Run Behavior\BuildLiteBehavior [ RunTime:0.000032s ]
INFO: [ app_init ] --END-- [ RunTime:0.000602s ]
ERR: 无法加载模块:Assets

[ 2016-02-03T01:37:49+08:00 ] ::1 /tp002/index.php/assets/js/vendor/jquery.min.js
INFO: [ app_init ] --START--
INFO: Run Behavior\BuildLiteBehavior [ RunTime:0.000073s ]
INFO: [ app_init ] --END-- [ RunTime:0.001728s ]
ERR: 无法加载模块:Assets

[ 2016-02-03T01:40:54+08:00 ] ::1 /tp002/index.php/assets/js/vendor/jquery.min.js
INFO: [ app_init ] --START--
INFO: Run Behavior\BuildLiteBehavior [ RunTime:0.000056s ]
INFO: [ app_init ] --END-- [ RunTime:0.000888s ]
ERR: 无法加载模块:Assets

[ 2016-02-03T01:42:13+08:00 ] ::1 /tp002/index.php/assets/js/vendor/jquery.min.js
INFO: [ app_init ] --START--
INFO: Run Behavior\BuildLiteBehavior [ RunTime:0.000032s ]
INFO: [ app_init ] --END-- [ RunTime:0.000584s ]
ERR: 无法加载模块:Assets

[ 2016-02-03T01:42:52+08:00 ] ::1 /tp002/index.php/assets/js/vendor/jquery.min.js
INFO: [ app_init ] --START--
INFO: Run Behavior\BuildLiteBehavior [ RunTime:0.000034s ]
INFO: [ app_init ] --END-- [ RunTime:0.000695s ]
ERR: 无法加载模块:Assets

[ 2016-02-03T01:43:06+08:00 ] ::1 /tp002/index.php/assets/js/vendor/jquery.min.js
INFO: [ app_init ] --START--
INFO: Run Behavior\BuildLiteBehavior [ RunTime:0.000033s ]
INFO: [ app_init ] --END-- [ RunTime:0.000637s ]
ERR: 无法加载模块:Assets

[ 2016-02-03T01:44:04+08:00 ] ::1 /tp002/index.php/assets/js/vendor/jquery.min.js
INFO: [ app_init ] --START--
INFO: Run Behavior\BuildLiteBehavior [ RunTime:0.000062s ]
INFO: [ app_init ] --END-- [ RunTime:0.001207s ]
ERR: 无法加载模块:Assets

[ 2016-02-03T01:50:33+08:00 ] ::1 /tp002/index.php/assets/js/vendor/jquery.min.js
INFO: [ app_init ] --START--
INFO: Run Behavior\BuildLiteBehavior [ RunTime:0.000033s ]
INFO: [ app_init ] --END-- [ RunTime:0.000651s ]
ERR: 无法加载模块:Assets

[ 2016-02-03T01:50:59+08:00 ] ::1 /tp002/index.php/assets/js/vendor/jquery.min.js
INFO: [ app_init ] --START--
INFO: Run Behavior\BuildLiteBehavior [ RunTime:0.000056s ]
INFO: [ app_init ] --END-- [ RunTime:0.001019s ]
ERR: 无法加载模块:Assets

[ 2016-02-03T01:51:28+08:00 ] ::1 /tp002/index.php/assets/js/vendor/jquery.min.js
INFO: [ app_init ] --START--
INFO: Run Behavior\BuildLiteBehavior [ RunTime:0.000033s ]
INFO: [ app_init ] --END-- [ RunTime:0.000697s ]
ERR: 无法加载模块:Assets

